{"C:\\Users\\thani\\Documents\\Kasa\\src\\Styles\\Banner.css": {"path":"C:\\Users\\thani\\Documents\\Kasa\\src\\Styles\\Banner.css","statementMap":{},"fnMap":{},"branchMap":{},"s":{},"f":{},"b":{},"meta":{"lastBranch":0,"lastFunction":0,"lastStatement":0,"seen":{}}}
,"C:\\Users\\thani\\Documents\\Kasa\\src\\Styles\\Collapse.css": {"path":"C:\\Users\\thani\\Documents\\Kasa\\src\\Styles\\Collapse.css","statementMap":{},"fnMap":{},"branchMap":{},"s":{},"f":{},"b":{},"meta":{"lastBranch":0,"lastFunction":0,"lastStatement":0,"seen":{}}}
,"C:\\Users\\thani\\Documents\\Kasa\\src\\assets\\arrow.png": {"path":"C:\\Users\\thani\\Documents\\Kasa\\src\\assets\\arrow.png","statementMap":{},"fnMap":{},"branchMap":{},"s":{},"f":{},"b":{},"meta":{"lastBranch":0,"lastFunction":0,"lastStatement":0,"seen":{}}}
,"C:\\Users\\thani\\Documents\\Kasa\\src\\assets\\banner-img.png": {"path":"C:\\Users\\thani\\Documents\\Kasa\\src\\assets\\banner-img.png","statementMap":{},"fnMap":{},"branchMap":{},"s":{},"f":{},"b":{},"meta":{"lastBranch":0,"lastFunction":0,"lastStatement":0,"seen":{}}}
,"C:\\Users\\thani\\Documents\\Kasa\\src\\components\\Banner.jsx": {"path":"C:\\Users\\thani\\Documents\\Kasa\\src\\components\\Banner.jsx","statementMap":{"0":{"start":{"line":5,"column":4},"end":{"line":14,"column":null}}},"fnMap":{"0":{"name":"Banner","decl":{"start":{"line":4,"column":9},"end":{"line":4,"column":16}},"loc":{"start":{"line":4,"column":33},"end":{"line":14,"column":null}},"line":4}},"branchMap":{"0":{"loc":{"start":{"line":11,"column":17},"end":{"line":11,"column":null}},"type":"binary-expr","locations":[{"start":{"line":11,"column":17},"end":{"line":11,"column":25}},{"start":{"line":11,"column":25},"end":{"line":11,"column":null}}],"line":11}},"s":{"0":2},"f":{"0":2},"b":{"0":[2,1]},"meta":{"lastBranch":1,"lastFunction":1,"lastStatement":1,"seen":{"f:4:9:4:16":0,"s:5:4:14:Infinity":0,"b:11:17:11:25:11:25:11:Infinity":0}}}
,"C:\\Users\\thani\\Documents\\Kasa\\src\\components\\collapse.jsx": {"path":"C:\\Users\\thani\\Documents\\Kasa\\src\\components\\collapse.jsx","statementMap":{"0":{"start":{"line":7,"column":19},"end":{"line":7,"column":47}},"1":{"start":{"line":9,"column":4},"end":{"line":23,"column":null}},"2":{"start":{"line":11,"column":60},"end":{"line":11,"column":78}}},"fnMap":{"0":{"name":"Collapse","decl":{"start":{"line":6,"column":9},"end":{"line":6,"column":18}},"loc":{"start":{"line":6,"column":39},"end":{"line":23,"column":null}},"line":6},"1":{"name":"(anonymous_1)","decl":{"start":{"line":11,"column":45},"end":{"line":11,"column":60}},"loc":{"start":{"line":11,"column":60},"end":{"line":11,"column":78}},"line":11}},"branchMap":{"0":{"loc":{"start":{"line":16,"column":31},"end":{"line":16,"column":null}},"type":"cond-expr","locations":[{"start":{"line":16,"column":40},"end":{"line":16,"column":59}},{"start":{"line":16,"column":59},"end":{"line":16,"column":null}}],"line":16},"1":{"loc":{"start":{"line":20,"column":13},"end":{"line":23,"column":null}},"type":"binary-expr","locations":[{"start":{"line":20,"column":13},"end":{"line":20,"column":null}},{"start":{"line":21,"column":16},"end":{"line":23,"column":null}}],"line":20}},"s":{"0":7,"1":7,"2":3},"f":{"0":7,"1":3},"b":{"0":[2,5],"1":[7,2]},"meta":{"lastBranch":2,"lastFunction":2,"lastStatement":3,"seen":{"f:6:9:6:18":0,"s:7:19:7:47":0,"s:9:4:23:Infinity":1,"f:11:45:11:60":1,"s:11:60:11:78":2,"b:16:40:16:59:16:59:16:Infinity":0,"b:20:13:20:Infinity:21:16:23:Infinity":1}}}
}
